2024-09-21 23:27:01,287 CRIT Supervisor is running as root.  Privileges were not dropped because no user is specified in the config file.  If you intend to run as root, you can set user=root in the config file to avoid this message.
2024-09-21 23:27:01,288 INFO supervisord started with pid 11
2024-09-21 23:27:02,291 INFO spawned: 'laravel' with pid 12
2024-09-21 23:27:02,292 INFO spawned: 'react' with pid 13
2024-09-21 23:27:03,569 INFO success: laravel entered RUNNING state, process has stayed up for > than 1 seconds (startsecs)
2024-09-21 23:27:03,569 INFO success: react entered RUNNING state, process has stayed up for > than 1 seconds (startsecs)
2024-09-21 23:28:20,503 CRIT Supervisor is running as root.  Privileges were not dropped because no user is specified in the config file.  If you intend to run as root, you can set user=root in the config file to avoid this message.
2024-09-21 23:28:20,505 INFO supervisord started with pid 11
2024-09-21 23:28:21,507 INFO spawned: 'laravel' with pid 12
2024-09-21 23:28:21,509 INFO spawned: 'react' with pid 13
2024-09-21 23:28:22,548 INFO success: laravel entered RUNNING state, process has stayed up for > than 1 seconds (startsecs)
2024-09-21 23:28:22,548 INFO success: react entered RUNNING state, process has stayed up for > than 1 seconds (startsecs)
2024-09-21 23:32:29,025 CRIT Supervisor is running as root.  Privileges were not dropped because no user is specified in the config file.  If you intend to run as root, you can set user=root in the config file to avoid this message.
2024-09-21 23:32:29,027 INFO supervisord started with pid 11
2024-09-21 23:32:30,029 INFO spawned: 'laravel' with pid 12
2024-09-21 23:32:30,031 INFO spawned: 'react' with pid 13
2024-09-21 23:32:31,077 INFO success: laravel entered RUNNING state, process has stayed up for > than 1 seconds (startsecs)
2024-09-21 23:32:31,077 INFO success: react entered RUNNING state, process has stayed up for > than 1 seconds (startsecs)
2024-09-23 11:51:28,035 CRIT Supervisor is running as root.  Privileges were not dropped because no user is specified in the config file.  If you intend to run as root, you can set user=root in the config file to avoid this message.
2024-09-23 11:51:28,037 INFO supervisord started with pid 10
2024-09-23 11:51:29,039 INFO spawned: 'laravel' with pid 11
2024-09-23 11:51:29,044 INFO spawned: 'react' with pid 12
2024-09-23 11:51:30,199 INFO success: laravel entered RUNNING state, process has stayed up for > than 1 seconds (startsecs)
2024-09-23 11:51:30,199 INFO success: react entered RUNNING state, process has stayed up for > than 1 seconds (startsecs)
2024-10-26 21:26:33,237 CRIT Supervisor is running as root.  Privileges were not dropped because no user is specified in the config file.  If you intend to run as root, you can set user=root in the config file to avoid this message.
2024-10-26 21:26:33,239 INFO supervisord started with pid 11
2024-10-26 21:26:34,241 INFO spawned: 'laravel' with pid 12
2024-10-26 21:26:34,243 INFO spawned: 'react' with pid 13
2024-10-26 21:26:35,637 INFO success: laravel entered RUNNING state, process has stayed up for > than 1 seconds (startsecs)
2024-10-26 21:26:35,637 INFO success: react entered RUNNING state, process has stayed up for > than 1 seconds (startsecs)
